<?xml version="1.0" encoding="UTF-8"?>
<testng-results skipped="0" failed="0" ignored="0" total="1" passed="1">
  <reporter-output>
  </reporter-output>
  <suite name="Default suite" duration-ms="2982" started-at="2021-11-17T07:34:52Z" finished-at="2021-11-17T07:34:55Z">
    <groups>
    </groups>
    <test name="Default test" duration-ms="2982" started-at="2021-11-17T07:34:52Z" finished-at="2021-11-17T07:34:55Z">
      <class name="demo.V12ValidatingSoapXmlResult">
        <test-method status="PASS" signature="soapRequest3()[pri:0, instance:demo.V12ValidatingSoapXmlResult@3cc2931c]" name="soapRequest3" duration-ms="2952" started-at="2021-11-17T07:34:52Z" finished-at="2021-11-17T07:34:55Z">
          <reporter-output>
          </reporter-output>
        </test-method> <!-- soapRequest3 -->
      </class> <!-- demo.V12ValidatingSoapXmlResult -->
    </test> <!-- Default test -->
  </suite> <!-- Default suite -->
</testng-results>
